Performing C++ SOURCE FILE Test CMAKE_HAVE_LIBC_PTHREAD failed with the following output:
Change Dir: /home/sweedanya/AndroidStudioProjects/libs/spdlog/build/x86/CMakeFiles/CMakeTmp

Run Build Command(s):/usr/bin/gmake -f Makefile cmTC_c8ab8/fast && /usr/bin/gmake  -f CMakeFiles/cmTC_c8ab8.dir/build.make CMakeFiles/cmTC_c8ab8.dir/build
gmake[1]: вход в каталог «/home/sweedanya/AndroidStudioProjects/libs/spdlog/build/x86/CMakeFiles/CMakeTmp»
Building CXX object CMakeFiles/cmTC_c8ab8.dir/src.cxx.o
/home/sweedanya/Android/Sdk/ndk/25.2.9519653/toolchains/llvm/prebuilt/linux-x86_64/bin/clang++ --target=i686-none-linux-android19 --sysroot=/home/sweedanya/Android/Sdk/ndk/25.2.9519653/toolchains/llvm/prebuilt/linux-x86_64/sysroot -DCMAKE_HAVE_LIBC_PTHREAD  -g -DANDROID -fdata-sections -ffunction-sections -funwind-tables -fstack-protector-strong -no-canonical-prefixes -mstackrealign -D_FORTIFY_SOURCE=2 -Wformat -Werror=format-security  -DSPDLOG_COMPILED_LIB  -fPIE -std=c++11 -MD -MT CMakeFiles/cmTC_c8ab8.dir/src.cxx.o -MF CMakeFiles/cmTC_c8ab8.dir/src.cxx.o.d -o CMakeFiles/cmTC_c8ab8.dir/src.cxx.o -c /home/sweedanya/AndroidStudioProjects/libs/spdlog/build/x86/CMakeFiles/CMakeTmp/src.cxx
/home/sweedanya/AndroidStudioProjects/libs/spdlog/build/x86/CMakeFiles/CMakeTmp/src.cxx:13:3: error: use of undeclared identifier 'pthread_cancel'
  pthread_cancel(thread);
  ^
1 error generated.
gmake[1]: *** [CMakeFiles/cmTC_c8ab8.dir/build.make:79: CMakeFiles/cmTC_c8ab8.dir/src.cxx.o] Ошибка 1
gmake[1]: выход из каталога «/home/sweedanya/AndroidStudioProjects/libs/spdlog/build/x86/CMakeFiles/CMakeTmp»
gmake: *** [Makefile:127: cmTC_c8ab8/fast] Ошибка 2


Source file was:
#include <pthread.h>

static void* test_func(void* data)
{
  return data;
}

int main(void)
{
  pthread_t thread;
  pthread_create(&thread, NULL, test_func, NULL);
  pthread_detach(thread);
  pthread_cancel(thread);
  pthread_join(thread, NULL);
  pthread_atfork(NULL, NULL, NULL);
  pthread_exit(NULL);

  return 0;
}

Determining if the function pthread_create exists in the pthreads failed with the following output:
Change Dir: /home/sweedanya/AndroidStudioProjects/libs/spdlog/build/x86/CMakeFiles/CMakeTmp

Run Build Command(s):/usr/bin/gmake -f Makefile cmTC_ca23e/fast && /usr/bin/gmake  -f CMakeFiles/cmTC_ca23e.dir/build.make CMakeFiles/cmTC_ca23e.dir/build
gmake[1]: вход в каталог «/home/sweedanya/AndroidStudioProjects/libs/spdlog/build/x86/CMakeFiles/CMakeTmp»
Building CXX object CMakeFiles/cmTC_ca23e.dir/CheckFunctionExists.cxx.o
/home/sweedanya/Android/Sdk/ndk/25.2.9519653/toolchains/llvm/prebuilt/linux-x86_64/bin/clang++ --target=i686-none-linux-android19 --sysroot=/home/sweedanya/Android/Sdk/ndk/25.2.9519653/toolchains/llvm/prebuilt/linux-x86_64/sysroot   -g -DANDROID -fdata-sections -ffunction-sections -funwind-tables -fstack-protector-strong -no-canonical-prefixes -mstackrealign -D_FORTIFY_SOURCE=2 -Wformat -Werror=format-security  -DSPDLOG_COMPILED_LIB -DCHECK_FUNCTION_EXISTS=pthread_create -fPIE -std=c++11 -MD -MT CMakeFiles/cmTC_ca23e.dir/CheckFunctionExists.cxx.o -MF CMakeFiles/cmTC_ca23e.dir/CheckFunctionExists.cxx.o.d -o CMakeFiles/cmTC_ca23e.dir/CheckFunctionExists.cxx.o -c /home/sweedanya/AndroidStudioProjects/libs/spdlog/build/x86/CMakeFiles/CheckLibraryExists/CheckFunctionExists.cxx
Linking CXX executable cmTC_ca23e
/home/sweedanya/Android/Sdk/cmake/3.22.1/bin/cmake -E cmake_link_script CMakeFiles/cmTC_ca23e.dir/link.txt --verbose=1
/home/sweedanya/Android/Sdk/ndk/25.2.9519653/toolchains/llvm/prebuilt/linux-x86_64/bin/clang++ --target=i686-none-linux-android19 --sysroot=/home/sweedanya/Android/Sdk/ndk/25.2.9519653/toolchains/llvm/prebuilt/linux-x86_64/sysroot -g -DANDROID -fdata-sections -ffunction-sections -funwind-tables -fstack-protector-strong -no-canonical-prefixes -mstackrealign -D_FORTIFY_SOURCE=2 -Wformat -Werror=format-security  -DSPDLOG_COMPILED_LIB -DCHECK_FUNCTION_EXISTS=pthread_create -static-libstdc++ -Wl,--build-id=sha1 -Wl,--no-rosegment -Wl,--fatal-warnings -Wl,--no-undefined -Qunused-arguments    CMakeFiles/cmTC_ca23e.dir/CheckFunctionExists.cxx.o -o cmTC_ca23e  -lpthreads -latomic -lm 
ld: error: unable to find library -lpthreads
clang++: error: linker command failed with exit code 1 (use -v to see invocation)
gmake[1]: *** [CMakeFiles/cmTC_ca23e.dir/build.make:100: cmTC_ca23e] Ошибка 1
gmake[1]: выход из каталога «/home/sweedanya/AndroidStudioProjects/libs/spdlog/build/x86/CMakeFiles/CMakeTmp»
gmake: *** [Makefile:127: cmTC_ca23e/fast] Ошибка 2



Determining if the function pthread_create exists in the pthread failed with the following output:
Change Dir: /home/sweedanya/AndroidStudioProjects/libs/spdlog/build/x86/CMakeFiles/CMakeTmp

Run Build Command(s):/usr/bin/gmake -f Makefile cmTC_30649/fast && /usr/bin/gmake  -f CMakeFiles/cmTC_30649.dir/build.make CMakeFiles/cmTC_30649.dir/build
gmake[1]: вход в каталог «/home/sweedanya/AndroidStudioProjects/libs/spdlog/build/x86/CMakeFiles/CMakeTmp»
Building CXX object CMakeFiles/cmTC_30649.dir/CheckFunctionExists.cxx.o
/home/sweedanya/Android/Sdk/ndk/25.2.9519653/toolchains/llvm/prebuilt/linux-x86_64/bin/clang++ --target=i686-none-linux-android19 --sysroot=/home/sweedanya/Android/Sdk/ndk/25.2.9519653/toolchains/llvm/prebuilt/linux-x86_64/sysroot   -g -DANDROID -fdata-sections -ffunction-sections -funwind-tables -fstack-protector-strong -no-canonical-prefixes -mstackrealign -D_FORTIFY_SOURCE=2 -Wformat -Werror=format-security  -DSPDLOG_COMPILED_LIB -DCHECK_FUNCTION_EXISTS=pthread_create -fPIE -std=c++11 -MD -MT CMakeFiles/cmTC_30649.dir/CheckFunctionExists.cxx.o -MF CMakeFiles/cmTC_30649.dir/CheckFunctionExists.cxx.o.d -o CMakeFiles/cmTC_30649.dir/CheckFunctionExists.cxx.o -c /home/sweedanya/AndroidStudioProjects/libs/spdlog/build/x86/CMakeFiles/CheckLibraryExists/CheckFunctionExists.cxx
Linking CXX executable cmTC_30649
/home/sweedanya/Android/Sdk/cmake/3.22.1/bin/cmake -E cmake_link_script CMakeFiles/cmTC_30649.dir/link.txt --verbose=1
/home/sweedanya/Android/Sdk/ndk/25.2.9519653/toolchains/llvm/prebuilt/linux-x86_64/bin/clang++ --target=i686-none-linux-android19 --sysroot=/home/sweedanya/Android/Sdk/ndk/25.2.9519653/toolchains/llvm/prebuilt/linux-x86_64/sysroot -g -DANDROID -fdata-sections -ffunction-sections -funwind-tables -fstack-protector-strong -no-canonical-prefixes -mstackrealign -D_FORTIFY_SOURCE=2 -Wformat -Werror=format-security  -DSPDLOG_COMPILED_LIB -DCHECK_FUNCTION_EXISTS=pthread_create -static-libstdc++ -Wl,--build-id=sha1 -Wl,--no-rosegment -Wl,--fatal-warnings -Wl,--no-undefined -Qunused-arguments    CMakeFiles/cmTC_30649.dir/CheckFunctionExists.cxx.o -o cmTC_30649  -lpthread -latomic -lm 
ld: error: unable to find library -lpthread
clang++: error: linker command failed with exit code 1 (use -v to see invocation)
gmake[1]: *** [CMakeFiles/cmTC_30649.dir/build.make:100: cmTC_30649] Ошибка 1
gmake[1]: выход из каталога «/home/sweedanya/AndroidStudioProjects/libs/spdlog/build/x86/CMakeFiles/CMakeTmp»
gmake: *** [Makefile:127: cmTC_30649/fast] Ошибка 2



